<?xml version="1.0" encoding="UTF-8"?>
<!-- Generated by org.testng.reporters.JUnitReportReporter -->
<testsuite hostname="user-PC" failures="0" tests="2" name="com.qa.CRMPage.test.LoginPageTest" time="27.583" errors="0" timestamp="2020-03-30T21:56:19 IST" skipped="0">
  <testcase classname="com.qa.CRMPage.test.LoginPageTest" name="loginPageTitleTest" time="13.033"/>
  <system-out/>
  <testcase classname="com.qa.CRMPage.test.LoginPageTest" name="CRMLogoImageTest" time="14.550"/>
  <system-out/>
</testsuite> <!-- com.qa.CRMPage.test.LoginPageTest -->
